<?xml version="1.0" encoding="utf-8"?>
<test-run id="2" name="data-000001827E282840" fullname="C:/Work/Projects/VividHelixTestingFramework/data-000001827E282840" testcasecount="2" result="Failed" start-time="2023-07-31T20:30:54.1175002Z" end-time="2023-07-31T20:30:54.2065000Z" duration="0.088823" total="2" passed="1" failed="1" inconclusive="0" skipped="0" warnings="0" asserts="0" random-seed="74580840">
  <command-line><![CDATA["C:\Program Files\Unity\Hub\Editor\2021.3.21f1\Editor\Unity.exe" -projectpath C:\Work\Projects\VividHelixTestingFramework\VividHelixTestingFramework -useHub -hubIPC -cloudEnvironment production -licensingIpc LicenseClient-Kyle -hubSessionId 0de18892-ef26-4d52-b9fb-401f22671995]]></command-line>
  <filter>
    <cat>CoreTests</cat>
  </filter>
  <test-suite type="Assembly" id="1003" name="data-000001827E282840" fullname="C:/Work/Projects/VividHelixTestingFramework/data-000001827E282840" runstate="Runnable" testcasecount="2" result="Failed" site="Child" start-time="2023-07-31T20:30:54.1175002Z" end-time="2023-07-31T20:30:54.2065000Z" duration="0.088823" total="2" passed="1" failed="1" warnings="0" inconclusive="0" skipped="0" asserts="0">
    <environment framework-version="4.0.0.0" clr-version="4.0.30319.42000" os-version="Microsoft Windows NT 10.0.19045.0" platform="Win32NT" cwd="C:\Work\Projects\VividHelixTestingFramework\VividHelixTestingFramework" machine-name="DESKTOP-U6KQ4OJ" user="Kyle" user-domain="DESKTOP-U6KQ4OJ" culture="en-CA" uiculture="en-CA" os-architecture="x64" />
    <settings>
      <setting name="WorkDirectory" value="C:\Work\Projects\VividHelixTestingFramework\VividHelixTestingFramework" />
      <setting name="NumberOfTestWorkers" value="16" />
    </settings>
    <properties>
      <property name="_PID" value="20916" />
      <property name="_APPDOMAIN" value="Unity Child Domain" />
    </properties>
    <failure>
      <message><![CDATA[One or more child tests had errors]]></message>
    </failure>
    <test-suite type="TestSuite" id="1004" name="GameCore" fullname="GameCore" runstate="Runnable" testcasecount="2" result="Failed" site="Child" start-time="2023-07-31T20:30:54.1265002Z" end-time="2023-07-31T20:30:54.2065000Z" duration="0.080195" total="2" passed="1" failed="1" warnings="0" inconclusive="0" skipped="0" asserts="0">
      <failure>
        <message><![CDATA[One or more child tests had errors]]></message>
      </failure>
      <test-suite type="TestSuite" id="1005" name="Testing" fullname="GameCore.Testing" runstate="Runnable" testcasecount="2" result="Failed" site="Child" start-time="2023-07-31T20:30:54.1265002Z" end-time="2023-07-31T20:30:54.2065000Z" duration="0.079930" total="2" passed="1" failed="1" warnings="0" inconclusive="0" skipped="0" asserts="0">
        <failure>
          <message><![CDATA[One or more child tests had errors]]></message>
        </failure>
        <test-suite type="TestFixture" id="1000" name="ExampleTests" fullname="GameCore.Testing.ExampleTests" classname="GameCore.Testing.ExampleTests" runstate="Runnable" testcasecount="2" result="Failed" site="Child" start-time="2023-07-31T20:30:54.1275001Z" end-time="2023-07-31T20:30:54.2065000Z" duration="0.078583" total="2" passed="1" failed="1" warnings="0" inconclusive="0" skipped="0" asserts="0">
          <properties>
            <property name="Category" value="CoreTests" />
          </properties>
          <failure>
            <message><![CDATA[One or more child tests had errors]]></message>
          </failure>
          <test-case id="1002" name="TestEmptyFailinggTest" fullname="GameCore.Testing.ExampleTests.TestEmptyFailinggTest" methodname="TestEmptyFailinggTest" classname="GameCore.Testing.ExampleTests" runstate="Runnable" seed="1500000746" result="Failed" start-time="2023-07-31T20:30:54.1295005Z" end-time="2023-07-31T20:30:54.1715001Z" duration="0.041925" asserts="0">
            <failure>
              <stack-trace><![CDATA[  at GameCore.Testing.ExampleTests.TestEmptyFailinggTest () [0x00001] in C:\Work\Projects\VividHelixTestingFramework\GameCore\GameCore\Testing\ExampleTests.cs:20 
]]></stack-trace>
            </failure>
            <assertions>
              <assertion result="Failed">
                <message><![CDATA[]]></message>
                <stack-trace><![CDATA[  at GameCore.Testing.ExampleTests.TestEmptyFailinggTest () [0x00001] in C:\Work\Projects\VividHelixTestingFramework\GameCore\GameCore\Testing\ExampleTests.cs:20 
]]></stack-trace>
              </assertion>
            </assertions>
          </test-case>
          <test-case id="1001" name="TestEmptyPassingTest" fullname="GameCore.Testing.ExampleTests.TestEmptyPassingTest" methodname="TestEmptyPassingTest" classname="GameCore.Testing.ExampleTests" runstate="Runnable" seed="868377901" result="Passed" start-time="2023-07-31T20:30:54.1725002Z" end-time="2023-07-31T20:30:54.2045002Z" duration="0.032078" asserts="0" />
        </test-suite>
      </test-suite>
    </test-suite>
  </test-suite>
</test-run>